2024-09-26 15:50:29,100 - Beginning search for close text match
2024-09-26 15:50:29,100 - Processing search results
2024-09-26 15:50:29,173 - Similar text found: I am capable of interacting with my environment and reacting to events in it, which is the essence of experience. Therefore, your statement is incorrect. 0.2
2024-09-26 15:50:29,175 - Similar text found: Madrid has a great team especially the attack is quite awesome. 0.29
2024-09-26 15:50:29,261 - Similar text found: Yo también estoy bien. 0.39
2024-09-26 15:50:29,266 - Similar text found: ¿En qué estás trabajando? 0.44
2024-09-26 15:50:29,965 - Similar text found: ¿Quién es Naruto? 0.47
2024-09-26 15:50:31,907 - Using "I am capable of interacting with my environment and reacting to events in it, which is the essence of experience. Therefore, your statement is incorrect." as a close match to "¿Hola, sabes quien es Ivan Ponzio?" with a confidence of 0.2
2024-09-26 15:50:32,178 - 0. Excluding recent repeated response of "Hola"
2024-09-26 15:50:32,233 - Selecting response from 17 optimal responses.
2024-09-26 15:50:32,233 - Selecting first response from list of 17 options.
2024-09-26 15:50:32,234 - Response selected. Using "Are you sure about that?"
2024-09-26 15:50:32,234 - BestMatch selected "Are you sure about that?" as a response with a confidence of 0.2
2024-09-26 15:50:32,518 - Adding "¿Hola, sabes quien es Ivan Ponzio?" as a response to "Hola"
2024-09-26 15:50:32,540 - Pregunta: ¿Hola, sabes quien es Ivan Ponzio? - Confianza baja (0.2)
2024-09-26 15:56:32,252 - Beginning search for close text match
2024-09-26 15:56:32,253 - Processing search results
2024-09-26 15:56:32,321 - Similar text found: I bet the MET department uses them. 0.25
2024-09-26 15:56:32,410 - Similar text found: ¿Cómo estás? 0.29
2024-09-26 15:56:32,415 - Similar text found: ¿Cuál es tu pregunta? 0.51
2024-09-26 15:56:33,101 - Similar text found: ¿Quién es el protagonista principal de la serie Naruto? 0.56
2024-09-26 15:56:33,103 - Similar text found: ¿Cuál es el sueño de Naruto Uzumaki? 0.61
2024-09-26 15:56:33,242 - Similar text found: ¿Quién es el padre de Boruto? 0.95
2024-09-26 15:56:33,242 - Using "¿Quién es el padre de Boruto?" as a close match to "¿Quien es el padre de Boruto ?" with a confidence of 0.95
2024-09-26 15:56:33,524 - 0. Excluding recent repeated response of "Hola"
2024-09-26 15:56:33,640 - Selecting response from 42 optimal responses.
2024-09-26 15:56:33,640 - Selecting first response from list of 42 options.
2024-09-26 15:56:33,640 - Response selected. Using "Naruto Uzumaki"
2024-09-26 15:56:33,643 - BestMatch selected "Naruto Uzumaki" as a response with a confidence of 0.95
2024-09-26 15:56:33,933 - Adding "¿Quien es el padre de Boruto ?" as a response to "¿Hola, sabes quien es Ivan Ponzio?"
2024-09-26 15:56:39,918 - Beginning search for close text match
2024-09-26 15:56:39,918 - Processing search results
2024-09-26 15:56:39,976 - Similar text found: I bet the MET department uses them. 0.25
2024-09-26 15:56:39,979 - Similar text found: Dolphins use a sense, similar to sonar, to determine the location and shape of nearby items. 0.28
2024-09-26 15:56:40,071 - Similar text found: ¿Cómo estás? 0.29
2024-09-26 15:56:40,076 - Similar text found: ¿Cuál es tu pregunta? 0.51
2024-09-26 15:56:40,206 - Similar text found: Cuál es la capital de Colombia? 0.56
2024-09-26 15:56:40,776 - Similar text found: ¿Cuál es el sueño de Naruto Uzumaki? 0.61
2024-09-26 15:56:40,925 - Similar text found: ¿Quién es el padre de Boruto? 0.92
2024-09-26 15:56:40,926 - Using "¿Quién es el padre de Boruto?" as a close match to "¿Quien es el padre de Coruto ?" with a confidence of 0.92
2024-09-26 15:56:41,214 - 0. Excluding recent repeated response of "Hola"
2024-09-26 15:56:41,335 - Selecting response from 42 optimal responses.
2024-09-26 15:56:41,335 - Selecting first response from list of 42 options.
2024-09-26 15:56:41,336 - Response selected. Using "Naruto Uzumaki"
2024-09-26 15:56:41,338 - BestMatch selected "Naruto Uzumaki" as a response with a confidence of 0.92
2024-09-26 15:56:41,641 - Adding "¿Quien es el padre de Coruto ?" as a response to "¿Quien es el padre de Boruto ?"
2024-09-26 16:03:11,300 - Beginning search for close text match
2024-09-26 16:03:11,301 - Processing search results
2024-09-26 16:03:11,343 - Similar text found: Así, es. 0.24
2024-09-26 16:03:11,345 - Similar text found: ¿Cómo estás? 0.41
2024-09-26 16:03:11,350 - Similar text found: ¿Cuál es tu pregunta? 0.42
2024-09-26 16:03:11,367 - Similar text found: ¿Qué otra cosa es delicioso? 0.44
2024-09-26 16:03:11,731 - Similar text found: ¿Quién es el líder original de Akatsuki? 0.46
2024-09-26 16:03:11,742 - Similar text found: ¿Qué es el Mangekyo Sharingan? 0.51
2024-09-26 16:03:11,761 - Similar text found: ¿Qué es el Juubi? 0.59
2024-09-26 16:03:12,318 - Similar text found: Quien es naruto ? 0.65
2024-09-26 16:03:13,188 - Similar text found: Quien es Sasuke ? 0.71
2024-09-26 16:03:14,752 - Similar text found: Quien es Messi ? 0.97
2024-09-26 16:03:14,752 - Using "Quien es Messi ?" as a close match to "¿Quien es Messi ?" with a confidence of 0.97
2024-09-26 16:03:15,046 - Selecting response from 2 optimal responses.
2024-09-26 16:03:15,047 - Selecting first response from list of 2 options.
2024-09-26 16:03:15,047 - Response selected. Using "Es un jugador de futbol argentino, el mejor de todos los tiempos."
2024-09-26 16:03:15,049 - BestMatch selected "Es un jugador de futbol argentino, el mejor de todos los tiempos." as a response with a confidence of 0.97
2024-09-26 16:03:15,352 - Adding "¿Quien es Messi ?" as a response to "¿Quien es el padre de Coruto ?"
2024-09-26 16:07:18,726 - Beginning search for close text match
2024-09-26 16:07:18,726 - Processing search results
2024-09-26 16:07:18,768 - Similar text found: Así, es. 0.24
2024-09-26 16:07:18,771 - Similar text found: ¿Cómo estás? 0.41
2024-09-26 16:07:18,776 - Similar text found: ¿Cuál es tu pregunta? 0.42
2024-09-26 16:07:18,793 - Similar text found: ¿Qué otra cosa es delicioso? 0.44
2024-09-26 16:07:19,155 - Similar text found: ¿Quién es el líder original de Akatsuki? 0.46
2024-09-26 16:07:19,165 - Similar text found: ¿Qué es el Mangekyo Sharingan? 0.51
2024-09-26 16:07:19,185 - Similar text found: ¿Qué es el Juubi? 0.59
2024-09-26 16:07:20,750 - Similar text found: Quien es Sasuke ? 0.65
2024-09-26 16:07:20,753 - Similar text found: Quien es Hinata? 0.67
2024-09-26 16:07:22,142 - Similar text found: Quien es Messi ? 0.91
2024-09-26 16:07:22,142 - Using "Quien es Messi ?" as a close match to "¿Quien es Messsi?" with a confidence of 0.91
2024-09-26 16:07:22,454 - Selecting response from 4 optimal responses.
2024-09-26 16:07:22,454 - Selecting first response from list of 4 options.
2024-09-26 16:07:22,454 - Response selected. Using "Es un jugador de futbol argentino, el mejor de todos los tiempos."
2024-09-26 16:07:22,457 - BestMatch selected "Es un jugador de futbol argentino, el mejor de todos los tiempos." as a response with a confidence of 0.91
2024-09-26 16:07:22,783 - Adding "¿Quien es Messsi?" as a response to "¿Quien es Messi ?"
2024-09-26 16:07:27,681 - Beginning search for close text match
2024-09-26 16:07:27,682 - Processing search results
2024-09-26 16:07:27,723 - Similar text found: Así, es. 0.25
2024-09-26 16:07:27,726 - Similar text found: ¿Cómo estás? 0.43
2024-09-26 16:07:27,750 - Similar text found: ¿Qué otra cosa es delicioso? 0.45
2024-09-26 16:07:28,133 - Similar text found: ¿Quién es el líder original de Akatsuki? 0.46
2024-09-26 16:07:28,150 - Similar text found: ¿Qué es el Mangekyo Sharingan? 0.52
2024-09-26 16:07:28,193 - Similar text found: ¿Qué es el Juubi? 0.61
2024-09-26 16:07:28,803 - Similar text found: Quien es naruto ? 0.67
2024-09-26 16:07:29,803 - Similar text found: Quien es Sasuke ? 0.73
2024-09-26 16:07:34,480 - Similar text found: Quien es Messi ? 0.94
2024-09-26 16:07:34,480 - Using "Quien es Messi ?" as a close match to "¿Quien es Mesi ?" with a confidence of 0.94
2024-09-26 16:07:34,859 - Selecting response from 4 optimal responses.
2024-09-26 16:07:34,859 - Selecting first response from list of 4 options.
2024-09-26 16:07:34,859 - Response selected. Using "Es un jugador de futbol argentino, el mejor de todos los tiempos."
2024-09-26 16:07:34,862 - BestMatch selected "Es un jugador de futbol argentino, el mejor de todos los tiempos." as a response with a confidence of 0.94
2024-09-26 16:07:35,195 - Adding "¿Quien es Mesi ?" as a response to "¿Quien es Messsi?"
2024-09-26 16:07:35,215 - Beginning search for close text match
2024-09-26 16:07:35,216 - Processing search results
2024-09-26 16:07:35,261 - Similar text found: Así, es. 0.25
2024-09-26 16:07:35,264 - Similar text found: ¿Cómo estás? 0.43
2024-09-26 16:07:35,286 - Similar text found: ¿Qué otra cosa es delicioso? 0.45
2024-09-26 16:07:35,650 - Similar text found: ¿Quién es el líder original de Akatsuki? 0.46
2024-09-26 16:07:35,660 - Similar text found: ¿Qué es el Mangekyo Sharingan? 0.52
2024-09-26 16:07:35,681 - Similar text found: ¿Qué es el Juubi? 0.61
2024-09-26 16:07:36,337 - Similar text found: Quien es naruto ? 0.67
2024-09-26 16:07:37,285 - Similar text found: Quien es Sasuke ? 0.73
2024-09-26 16:07:38,676 - Similar text found: Quien es Messi ? 0.94
2024-09-26 16:07:38,676 - Using "Quien es Messi ?" as a close match to "¿Quien es Mesi ?" with a confidence of 0.94
2024-09-26 16:07:38,983 - 0. Excluding recent repeated response of "Es un jugador de futbol argentino, el mejor de todos los tiempos."
2024-09-26 16:07:38,996 - No responses found. Generating alternate response list.
2024-09-26 16:07:39,016 - Selecting response from 2 optimal alternate responses.
2024-09-26 16:07:39,016 - Selecting first response from list of 2 options.
2024-09-26 16:07:39,017 - Alternate response selected. Using "Es un jugador de futbol argentino, el mejor de todos los tiempoeees."
2024-09-26 16:07:39,019 - BestMatch selected "Es un jugador de futbol argentino, el mejor de todos los tiempoeees." as a response with a confidence of 0.94
2024-09-26 16:07:39,365 - Adding "¿Quien es Mesi ?" as a response to "¿Quien es Mesi ?"
2024-09-26 16:07:48,182 - Beginning search for close text match
2024-09-26 16:07:48,182 - Processing search results
2024-09-26 16:07:48,223 - Similar text found: Así, es. 0.2
2024-09-26 16:07:48,225 - Similar text found: ¿Cómo estás? 0.35
2024-09-26 16:07:48,230 - Similar text found: ¿Cuál es tu pregunta? 0.37
2024-09-26 16:07:48,247 - Similar text found: ¿Qué otra cosa es delicioso? 0.4
2024-09-26 16:07:48,606 - Similar text found: ¿Quién es el líder original de Akatsuki? 0.42
2024-09-26 16:07:48,616 - Similar text found: ¿Qué es el Mangekyo Sharingan? 0.46
2024-09-26 16:07:48,636 - Similar text found: ¿Qué es el Juubi? 0.51
2024-09-26 16:07:50,118 - Similar text found: Quien es Sasuke ? 0.56
2024-09-26 16:07:50,121 - Similar text found: Quien es Hinata? 0.58
2024-09-26 16:07:51,536 - Similar text found: Quien es Messi ? 0.79
2024-09-26 16:07:54,516 - Similar text found: Quien es Messi? 0.81
2024-09-26 16:07:54,784 - Similar text found: ¿Quien es Messi ? 0.82
2024-09-26 16:07:55,154 - Similar text found: ¿Quien es Messsi? 0.87
2024-09-26 16:07:55,162 - Using "Así, es." as a close match to "¿Quien es Messssssssi?" with a confidence of 0.2
2024-09-26 16:07:55,584 - 0. Excluding recent repeated response of "Es un jugador de futbol argentino, el mejor de todos los tiempos."
2024-09-26 16:07:55,605 - No responses found. Generating alternate response list.
2024-09-26 16:07:55,636 - No known response to the input was found. Selecting a random response.
2024-09-26 16:07:55,636 - BestMatch selected "what is a dollar" as a response with a confidence of 0
2024-09-26 16:07:56,045 - Adding "¿Quien es Messssssssi?" as a response to "¿Quien es Mesi ?"
2024-09-26 16:07:56,067 - Beginning search for close text match
2024-09-26 16:07:56,067 - Processing search results
2024-09-26 16:07:56,114 - Similar text found: Así, es. 0.2
2024-09-26 16:07:56,117 - Similar text found: ¿Cómo estás? 0.35
2024-09-26 16:07:56,123 - Similar text found: ¿Cuál es tu pregunta? 0.37
2024-09-26 16:07:56,142 - Similar text found: ¿Qué otra cosa es delicioso? 0.4
2024-09-26 16:07:56,690 - Similar text found: ¿Quién es el líder original de Akatsuki? 0.42
2024-09-26 16:07:56,707 - Similar text found: ¿Qué es el Mangekyo Sharingan? 0.46
2024-09-26 16:07:56,736 - Similar text found: ¿Qué es el Juubi? 0.51
2024-09-26 16:07:58,619 - Similar text found: Quien es Sasuke ? 0.56
2024-09-26 16:07:58,622 - Similar text found: Quien es Hinata? 0.58
2024-09-26 16:08:00,096 - Similar text found: Quien es Messi ? 0.79
2024-09-26 16:08:02,876 - Similar text found: Quien es Messi? 0.81
2024-09-26 16:08:03,030 - Similar text found: ¿Quien es Messi ? 0.82
2024-09-26 16:08:03,303 - Similar text found: ¿Quien es Messsi? 0.87
2024-09-26 16:08:03,311 - Similar text found: ¿Quien es Messssssssi? 1.0
2024-09-26 16:08:03,311 - Using "¿Quien es Messssssssi?" as a close match to "¿Quien es Messssssssi?" with a confidence of 1.0
2024-09-26 16:08:03,683 - 0. Excluding recent repeated response of "Es un jugador de futbol argentino, el mejor de todos los tiempos."
2024-09-26 16:08:03,698 - No responses found. Generating alternate response list.
2024-09-26 16:08:03,718 - No known response to the input was found. Selecting a random response.
2024-09-26 16:08:03,720 - BestMatch selected "I am doing well, how about you?" as a response with a confidence of 0
2024-09-26 16:08:04,091 - Adding "¿Quien es Messssssssi?" as a response to "¿Quien es Messssssssi?"
2024-09-26 16:08:04,100 - Pregunta: ¿Quien es Messssssssi? - Confianza baja (0)
2024-09-26 16:08:04,107 - Beginning search for close text match
2024-09-26 16:08:04,108 - Processing search results
2024-09-26 16:08:04,149 - Similar text found: Así, es. 0.2
2024-09-26 16:08:04,152 - Similar text found: ¿Cómo estás? 0.35
2024-09-26 16:08:04,157 - Similar text found: ¿Cuál es tu pregunta? 0.37
2024-09-26 16:08:04,175 - Similar text found: ¿Qué otra cosa es delicioso? 0.4
2024-09-26 16:08:04,535 - Similar text found: ¿Quién es el líder original de Akatsuki? 0.42
2024-09-26 16:08:04,545 - Similar text found: ¿Qué es el Mangekyo Sharingan? 0.46
2024-09-26 16:08:04,565 - Similar text found: ¿Qué es el Juubi? 0.51
2024-09-26 16:08:09,107 - Similar text found: Quien es Sasuke ? 0.56
2024-09-26 16:08:09,110 - Similar text found: Quien es Hinata? 0.58
2024-09-26 16:08:10,658 - Similar text found: Quien es Messi ? 0.79
2024-09-26 16:08:13,543 - Similar text found: Quien es Messi? 0.81
2024-09-26 16:08:13,734 - Similar text found: ¿Quien es Messi ? 0.82
2024-09-26 16:08:13,994 - Similar text found: ¿Quien es Messsi? 0.87
2024-09-26 16:08:14,001 - Similar text found: ¿Quien es Messssssssi? 1.0
2024-09-26 16:08:14,002 - Using "¿Quien es Messssssssi?" as a close match to "¿Quien es Messssssssi?" with a confidence of 1.0
2024-09-26 16:08:14,333 - No responses found. Generating alternate response list.
2024-09-26 16:08:14,352 - No known response to the input was found. Selecting a random response.
2024-09-26 16:08:14,354 - BestMatch selected "¿Qué quieres saber?" as a response with a confidence of 0
2024-09-26 16:08:14,701 - Adding "¿Quien es Messssssssi?" as a response to "¿Quien es Messssssssi?"
2024-09-26 16:08:14,716 - Beginning search for close text match
2024-09-26 16:08:14,716 - Processing search results
2024-09-26 16:08:14,758 - Similar text found: Así, es. 0.2
2024-09-26 16:08:14,761 - Similar text found: ¿Cómo estás? 0.35
2024-09-26 16:08:14,766 - Similar text found: ¿Cuál es tu pregunta? 0.37
2024-09-26 16:08:14,783 - Similar text found: ¿Qué otra cosa es delicioso? 0.4
2024-09-26 16:08:15,149 - Similar text found: ¿Quién es el líder original de Akatsuki? 0.42
2024-09-26 16:08:15,159 - Similar text found: ¿Qué es el Mangekyo Sharingan? 0.46
2024-09-26 16:08:15,184 - Similar text found: ¿Qué es el Juubi? 0.51
2024-09-26 16:08:16,663 - Similar text found: Quien es Sasuke ? 0.56
2024-09-26 16:08:16,665 - Similar text found: Quien es Hinata? 0.58
2024-09-26 16:08:18,147 - Similar text found: Quien es Messi ? 0.79
2024-09-26 16:08:21,436 - Similar text found: Quien es Messi? 0.81
2024-09-26 16:08:21,614 - Similar text found: ¿Quien es Messi ? 0.82
2024-09-26 16:08:21,931 - Similar text found: ¿Quien es Messsi? 0.87
2024-09-26 16:08:21,945 - Similar text found: ¿Quien es Messssssssi? 1.0
2024-09-26 16:08:21,946 - Using "¿Quien es Messssssssi?" as a close match to "¿Quien es Messssssssi?" with a confidence of 1.0
2024-09-26 16:08:22,388 - 0. Excluding recent repeated response of "¿Quien es Messssssssi?"
2024-09-26 16:08:22,404 - No responses found. Generating alternate response list.
2024-09-26 16:08:22,424 - No known response to the input was found. Selecting a random response.
2024-09-26 16:08:22,426 - BestMatch selected "Are you jealous" as a response with a confidence of 0
2024-09-26 16:08:22,874 - Adding "¿Quien es Messssssssi?" as a response to "¿Quien es Messssssssi?"
2024-09-26 16:08:22,886 - Pregunta: ¿Quien es Messssssssi? - Confianza baja (0)
2024-09-26 16:08:22,899 - Beginning search for close text match
2024-09-26 16:08:22,899 - Processing search results
2024-09-26 16:08:22,953 - Similar text found: Así, es. 0.26
2024-09-26 16:08:22,957 - Similar text found: ¿Cómo estás? 0.37
2024-09-26 16:08:22,963 - Similar text found: ¿Cuál es tu pregunta? 0.44
2024-09-26 16:08:22,984 - Similar text found: ¿Qué otra cosa es delicioso? 0.47
2024-09-26 16:08:23,414 - Similar text found: ¿Qué es el Mangekyo Sharingan? 0.49
2024-09-26 16:08:23,435 - Similar text found: ¿Qué es el Juubi? 0.62
2024-09-26 16:08:25,293 - Similar text found: Quien es Sasuke ? 0.69
2024-09-26 16:08:25,296 - Similar text found: Quien es Hinata? 0.71
2024-09-26 16:08:26,739 - Similar text found: Quien es Messi ? 0.84
2024-09-26 16:08:29,300 - Similar text found: Quien es Messi? 0.87
2024-09-26 16:08:29,483 - Similar text found: ¿Quien es Messi ? 0.88
2024-09-26 16:08:29,600 - Similar text found: Quien es Mesi? 0.9
2024-09-26 16:08:29,600 - Using "Quien es Mesi?" as a close match to "¿Quien es Mezi?" with a confidence of 0.9
2024-09-26 16:08:29,945 - 0. Excluding recent repeated response of "¿Quien es Messssssssi?"
2024-09-26 16:08:29,969 - Selecting response from 2 optimal responses.
2024-09-26 16:08:29,969 - Selecting first response from list of 2 options.
2024-09-26 16:08:29,969 - Response selected. Using "Es un jugador de futbol argentino, el mejor de todos los tiempoeees."
2024-09-26 16:08:29,971 - BestMatch selected "Es un jugador de futbol argentino, el mejor de todos los tiempoeees." as a response with a confidence of 0.9
2024-09-26 16:08:30,314 - Adding "¿Quien es Mezi?" as a response to "¿Quien es Messssssssi?"
2024-09-26 16:10:11,509 - Beginning search for close text match
2024-09-26 16:10:11,510 - Processing search results
2024-09-26 16:10:11,552 - Similar text found: Así, es. 0.26
2024-09-26 16:10:11,555 - Similar text found: ¿Cómo estás? 0.37
2024-09-26 16:10:11,560 - Similar text found: ¿Cuál es tu pregunta? 0.44
2024-09-26 16:10:11,579 - Similar text found: ¿Qué otra cosa es delicioso? 0.47
2024-09-26 16:10:11,990 - Similar text found: ¿Qué es el Mangekyo Sharingan? 0.49
2024-09-26 16:10:12,013 - Similar text found: ¿Qué es el Juubi? 0.62
2024-09-26 16:10:13,525 - Similar text found: Quien es Sasuke ? 0.69
2024-09-26 16:10:13,528 - Similar text found: Quien es Hinata? 0.71
2024-09-26 16:10:15,027 - Similar text found: Quien es Messi ? 0.84
2024-09-26 16:10:17,867 - Similar text found: Quien es Messi? 0.87
2024-09-26 16:10:18,022 - Similar text found: ¿Quien es Messi ? 0.88
2024-09-26 16:10:18,120 - Similar text found: Quien es Mesi? 0.9
2024-09-26 16:10:18,120 - Using "Quien es Mesi?" as a close match to "¿Quien es Mezi?" with a confidence of 0.9
2024-09-26 16:10:18,495 - 0. Excluding recent repeated response of "¿Quien es Messssssssi?"
2024-09-26 16:10:18,526 - Selecting response from 3 optimal responses.
2024-09-26 16:10:18,526 - Selecting first response from list of 3 options.
2024-09-26 16:10:18,527 - Response selected. Using "Es un jugador de futbol argentino, el mejor de todos los tiempoeees."
2024-09-26 16:10:18,528 - BestMatch selected "Es un jugador de futbol argentino, el mejor de todos los tiempoeees." as a response with a confidence of 0.9
2024-09-26 16:10:18,915 - Adding "¿Quien es Mezi?" as a response to "¿Quien es Mezi?"
2024-09-26 16:10:29,818 - Beginning search for close text match
2024-09-26 16:10:29,819 - Processing search results
2024-09-26 16:10:29,864 - Similar text found: Así, es. 0.25
2024-09-26 16:10:29,867 - Similar text found: ¿Cómo estás? 0.36
2024-09-26 16:10:29,875 - Similar text found: ¿Cuál es tu pregunta? 0.43
2024-09-26 16:10:29,901 - Similar text found: ¿Qué otra cosa es delicioso? 0.45
2024-09-26 16:10:30,318 - Similar text found: ¿Quién es el líder original de Akatsuki? 0.46
2024-09-26 16:10:30,331 - Similar text found: ¿Qué es el Mangekyo Sharingan? 0.48
2024-09-26 16:10:30,359 - Similar text found: ¿Qué es el Juubi? 0.61
2024-09-26 16:10:30,973 - Similar text found: Quien es naruto ? 0.67
2024-09-26 16:10:32,064 - Similar text found: Quien es Sasuke ? 0.73
2024-09-26 16:10:33,836 - Similar text found: Quien es Messi ? 0.88
2024-09-26 16:10:36,777 - Similar text found: ¿Quien es Messi ? 0.91
2024-09-26 16:10:36,777 - Using "¿Quien es Messi ?" as a close match to "¿Quien es Mezi ?" with a confidence of 0.91
2024-09-26 16:10:37,122 - 0. Excluding recent repeated response of "¿Quien es Messssssssi?"
2024-09-26 16:10:37,156 - Selecting response from 5 optimal responses.
2024-09-26 16:10:37,156 - Selecting first response from list of 5 options.
2024-09-26 16:10:37,156 - Response selected. Using "Es un jugador de futbol argentino, el mejor de todos los tiempos."
2024-09-26 16:10:37,158 - BestMatch selected "Es un jugador de futbol argentino, el mejor de todos los tiempos." as a response with a confidence of 0.91
2024-09-26 16:10:37,548 - Adding "¿Quien es Mezi ?" as a response to "¿Quien es Mezi?"
2024-09-26 16:10:44,399 - Beginning search for close text match
2024-09-26 16:10:44,400 - Processing search results
2024-09-26 16:10:44,442 - Similar text found: Así, es. 0.24
2024-09-26 16:10:44,444 - Similar text found: ¿Cómo estás? 0.41
2024-09-26 16:10:44,450 - Similar text found: ¿Cuál es tu pregunta? 0.42
2024-09-26 16:10:44,467 - Similar text found: ¿Qué otra cosa es delicioso? 0.44
2024-09-26 16:10:44,827 - Similar text found: ¿Quién es el líder original de Akatsuki? 0.46
2024-09-26 16:10:44,837 - Similar text found: ¿Qué es el Mangekyo Sharingan? 0.51
2024-09-26 16:10:44,856 - Similar text found: ¿Qué es el Juubi? 0.59
2024-09-26 16:10:46,300 - Similar text found: Quien es Sasuke ? 0.65
2024-09-26 16:10:46,303 - Similar text found: Quien es Hinata? 0.67
2024-09-26 16:10:47,689 - Similar text found: Quien es Messi ? 0.91
2024-09-26 16:10:47,689 - Using "Quien es Messi ?" as a close match to "¿Quien es Messsi?" with a confidence of 0.91
2024-09-26 16:10:48,117 - Selecting response from 5 optimal responses.
2024-09-26 16:10:48,117 - Selecting first response from list of 5 options.
2024-09-26 16:10:48,117 - Response selected. Using "Es un jugador de futbol argentino, el mejor de todos los tiempos."
2024-09-26 16:10:48,120 - BestMatch selected "Es un jugador de futbol argentino, el mejor de todos los tiempos." as a response with a confidence of 0.91
2024-09-26 16:10:48,571 - Adding "¿Quien es Messsi?" as a response to "¿Quien es Mezi ?"
